Starting running experiment:

Case %s KMeans
Epoch 1/250
 - 2s - loss: 0.0082
Epoch 2/250
 - 2s - loss: 0.0033
Epoch 3/250
 - 2s - loss: 0.0033
Epoch 4/250
 - 2s - loss: 0.0033
Epoch 5/250
 - 2s - loss: 0.0033
Epoch 6/250
 - 2s - loss: 0.0033
Epoch 7/250
 - 2s - loss: 0.0021
Epoch 8/250
 - 2s - loss: 0.0017
Epoch 9/250
 - 2s - loss: 0.0015
Epoch 10/250
 - 2s - loss: 0.0014
Epoch 11/250
 - 2s - loss: 0.0013
Epoch 12/250
 - 2s - loss: 0.0013
Epoch 13/250
 - 2s - loss: 0.0012
Epoch 14/250
 - 2s - loss: 0.0012
Epoch 15/250
 - 2s - loss: 0.0012
Epoch 16/250
 - 2s - loss: 0.0011
Epoch 17/250
 - 2s - loss: 0.0011
Epoch 18/250
 - 2s - loss: 0.0011
Epoch 19/250
 - 2s - loss: 0.0011
Epoch 20/250
 - 2s - loss: 0.0011
Epoch 21/250
 - 2s - loss: 0.0011
Epoch 22/250
 - 2s - loss: 0.0011
Epoch 23/250
 - 2s - loss: 0.0010
Epoch 24/250
 - 2s - loss: 0.0010
Epoch 25/250
 - 2s - loss: 0.0010
Epoch 26/250
 - 2s - loss: 0.0010
Epoch 27/250
 - 2s - loss: 0.0010
Epoch 28/250
 - 2s - loss: 0.0010
Epoch 29/250
 - 2s - loss: 0.0010
Epoch 30/250
 - 2s - loss: 0.0010
Epoch 31/250
 - 2s - loss: 0.0010
Epoch 32/250
 - 2s - loss: 0.0010
Epoch 33/250
 - 2s - loss: 9.9093e-04
Epoch 34/250
 - 2s - loss: 0.0010
Epoch 35/250
 - 2s - loss: 9.9762e-04
Epoch 36/250
 - 2s - loss: 9.8437e-04
Epoch 37/250
 - 2s - loss: 9.6859e-04
Epoch 38/250
 - 2s - loss: 0.0010
Epoch 39/250
 - 2s - loss: 9.7877e-04
Epoch 40/250
 - 2s - loss: 9.7326e-04
Epoch 41/250
 - 2s - loss: 9.6726e-04
Epoch 42/250
 - 2s - loss: 9.8482e-04
Epoch 43/250
 - 2s - loss: 9.7693e-04
Epoch 44/250
 - 2s - loss: 9.3214e-04
Epoch 45/250
 - 2s - loss: 9.7620e-04
Epoch 46/250
 - 2s - loss: 9.4706e-04
Epoch 47/250
 - 2s - loss: 9.7612e-04
Epoch 48/250
 - 2s - loss: 9.4836e-04
Epoch 49/250
 - 2s - loss: 9.3316e-04
Epoch 50/250
 - 2s - loss: 9.3626e-04
Epoch 51/250
 - 2s - loss: 9.3624e-04
Epoch 52/250
 - 2s - loss: 9.3888e-04
Epoch 53/250
 - 2s - loss: 9.4967e-04
Epoch 54/250
 - 2s - loss: 9.8984e-04
Epoch 55/250
 - 2s - loss: 9.6305e-04
Epoch 56/250
 - 2s - loss: 9.1944e-04
Epoch 57/250
 - 2s - loss: 9.2053e-04
Epoch 58/250
 - 2s - loss: 9.2687e-04
Epoch 59/250
 - 2s - loss: 9.6420e-04
Epoch 60/250
 - 2s - loss: 9.2913e-04
Epoch 61/250
 - 2s - loss: 9.0941e-04
Epoch 62/250
 - 2s - loss: 9.3132e-04
Epoch 63/250
 - 2s - loss: 9.1592e-04
Epoch 64/250
 - 2s - loss: 9.4836e-04
Epoch 65/250
 - 2s - loss: 9.2929e-04
Epoch 66/250
 - 2s - loss: 9.2189e-04
Epoch 67/250
 - 2s - loss: 9.1879e-04
Epoch 68/250
 - 2s - loss: 9.0882e-04
Epoch 69/250
 - 2s - loss: 9.1639e-04
Epoch 70/250
 - 2s - loss: 9.2426e-04
Epoch 71/250
 - 2s - loss: 8.9878e-04
Epoch 72/250
 - 2s - loss: 9.3188e-04
Epoch 73/250
 - 2s - loss: 9.1067e-04
Epoch 74/250
 - 2s - loss: 9.4117e-04
Epoch 75/250
 - 2s - loss: 9.1022e-04
Epoch 76/250
 - 2s - loss: 8.9755e-04
Epoch 77/250
 - 2s - loss: 9.2058e-04
Epoch 78/250
 - 2s - loss: 9.1880e-04
Epoch 79/250
 - 2s - loss: 9.0526e-04
Epoch 80/250
 - 2s - loss: 9.1971e-04
Epoch 81/250
 - 2s - loss: 8.9128e-04
Epoch 82/250
 - 2s - loss: 8.9625e-04
Epoch 83/250
 - 2s - loss: 8.7147e-04
Epoch 84/250
 - 2s - loss: 9.0269e-04
Epoch 85/250
 - 2s - loss: 8.7446e-04
Epoch 86/250
 - 2s - loss: 8.8169e-04
Epoch 87/250
 - 2s - loss: 8.7078e-04
Epoch 88/250
 - 2s - loss: 8.8019e-04
Epoch 89/250
 - 2s - loss: 8.6275e-04
Epoch 90/250
 - 2s - loss: 8.5931e-04
Epoch 91/250
 - 2s - loss: 8.5075e-04
Epoch 92/250
 - 2s - loss: 8.6869e-04
Epoch 93/250
 - 2s - loss: 8.6701e-04
Epoch 94/250
 - 2s - loss: 8.5378e-04
Epoch 95/250
 - 2s - loss: 8.5605e-04
Epoch 96/250
 - 2s - loss: 8.5164e-04
Epoch 97/250
 - 2s - loss: 8.4895e-04
Epoch 98/250
 - 2s - loss: 8.5733e-04
Epoch 99/250
 - 2s - loss: 8.3761e-04
Epoch 100/250
 - 2s - loss: 8.4319e-04
Epoch 101/250
 - 2s - loss: 8.4042e-04
Epoch 102/250
 - 2s - loss: 8.3044e-04
Epoch 103/250
 - 2s - loss: 8.6011e-04
Epoch 104/250
 - 2s - loss: 8.2482e-04
Epoch 105/250
 - 2s - loss: 8.5522e-04
Epoch 106/250
 - 2s - loss: 8.1834e-04
Epoch 107/250
 - 2s - loss: 8.2301e-04
Epoch 108/250
 - 2s - loss: 8.4043e-04
Epoch 109/250
 - 2s - loss: 8.3376e-04
Epoch 110/250
 - 2s - loss: 8.3766e-04
Epoch 111/250
 - 2s - loss: 8.2868e-04
Epoch 112/250
 - 2s - loss: 8.2482e-04
Epoch 113/250
 - 2s - loss: 8.1284e-04
Epoch 114/250
 - 2s - loss: 8.1626e-04
Epoch 115/250
 - 2s - loss: 8.0279e-04
Epoch 116/250
 - 2s - loss: 8.3015e-04
Epoch 117/250
 - 2s - loss: 8.4952e-04
Epoch 118/250
 - 2s - loss: 8.2895e-04
Epoch 119/250
 - 2s - loss: 8.2153e-04
Epoch 120/250
 - 2s - loss: 8.2328e-04
Epoch 121/250
 - 2s - loss: 7.9001e-04
Epoch 122/250
 - 2s - loss: 8.2262e-04
Epoch 123/250
 - 2s - loss: 8.1002e-04
Epoch 124/250
 - 2s - loss: 8.1369e-04
Epoch 125/250
 - 2s - loss: 8.5603e-04
Epoch 126/250
 - 2s - loss: 8.4399e-04
Epoch 127/250
 - 2s - loss: 8.0505e-04
Epoch 128/250
 - 2s - loss: 7.9288e-04
Epoch 129/250
 - 2s - loss: 8.0610e-04
Epoch 130/250
 - 2s - loss: 8.1404e-04
Epoch 131/250
 - 2s - loss: 8.9473e-04
Epoch 132/250
 - 2s - loss: 8.0149e-04
Epoch 133/250
 - 2s - loss: 7.9850e-04
Epoch 134/250
 - 2s - loss: 7.9297e-04
Epoch 135/250
 - 2s - loss: 8.1048e-04
Epoch 136/250
 - 2s - loss: 8.1229e-04
Epoch 137/250
 - 2s - loss: 8.1157e-04
Epoch 138/250
 - 2s - loss: 7.9561e-04
Epoch 139/250
 - 2s - loss: 7.9756e-04
Epoch 140/250
 - 2s - loss: 8.0940e-04
Epoch 141/250
 - 2s - loss: 7.8559e-04
Epoch 142/250
 - 2s - loss: 8.0707e-04
Epoch 143/250
 - 2s - loss: 7.9736e-04
Epoch 144/250
 - 2s - loss: 7.9459e-04
Epoch 145/250
 - 2s - loss: 8.0890e-04
Epoch 146/250
 - 2s - loss: 7.8442e-04
Epoch 147/250
 - 2s - loss: 7.8918e-04
Epoch 148/250
 - 2s - loss: 8.0193e-04
Epoch 149/250
 - 2s - loss: 7.8174e-04
Epoch 150/250
 - 2s - loss: 7.7637e-04
Epoch 151/250
 - 2s - loss: 7.9461e-04
Epoch 152/250
 - 2s - loss: 7.8443e-04
Epoch 153/250
 - 2s - loss: 8.0041e-04
Epoch 154/250
 - 2s - loss: 7.8716e-04
Epoch 155/250
 - 2s - loss: 7.8922e-04
Epoch 156/250
 - 2s - loss: 7.8624e-04
Epoch 157/250
 - 2s - loss: 7.9927e-04
Epoch 158/250
 - 2s - loss: 7.7998e-04
Epoch 159/250
 - 2s - loss: 7.9120e-04
Epoch 160/250
 - 2s - loss: 7.8249e-04
Epoch 161/250
 - 2s - loss: 7.9387e-04
Epoch 162/250
 - 2s - loss: 8.1771e-04
Epoch 163/250
 - 2s - loss: 7.8312e-04
Epoch 164/250
 - 2s - loss: 7.8950e-04
Epoch 165/250
 - 2s - loss: 7.7405e-04
Epoch 166/250
 - 2s - loss: 7.9004e-04
Epoch 167/250
 - 2s - loss: 7.8747e-04
Epoch 168/250
 - 2s - loss: 7.6441e-04
Epoch 169/250
 - 2s - loss: 7.8486e-04
Epoch 170/250
 - 2s - loss: 7.9248e-04
Epoch 171/250
 - 2s - loss: 7.8816e-04
Epoch 172/250
 - 2s - loss: 7.7193e-04
Epoch 173/250
 - 2s - loss: 7.8575e-04
Epoch 174/250
 - 2s - loss: 7.8076e-04
Epoch 175/250
 - 2s - loss: 7.6906e-04
Epoch 176/250
 - 2s - loss: 7.8583e-04
Epoch 177/250
 - 2s - loss: 7.8009e-04
Epoch 178/250
 - 2s - loss: 7.8600e-04
Epoch 179/250
 - 2s - loss: 7.8434e-04
Epoch 180/250
 - 2s - loss: 7.8269e-04
Epoch 181/250
 - 2s - loss: 7.7814e-04
Epoch 182/250
 - 2s - loss: 7.8059e-04
Epoch 183/250
 - 2s - loss: 7.7788e-04
Epoch 184/250
 - 2s - loss: 7.8696e-04
Epoch 185/250
 - 2s - loss: 7.7308e-04
Epoch 186/250
 - 2s - loss: 7.8581e-04
Epoch 187/250
 - 2s - loss: 7.6766e-04
Epoch 188/250
 - 2s - loss: 7.8802e-04
Epoch 189/250
 - 2s - loss: 7.7496e-04
Epoch 190/250
 - 2s - loss: 7.8072e-04
Epoch 191/250
 - 2s - loss: 7.9597e-04
Epoch 192/250
 - 2s - loss: 7.6439e-04
Epoch 193/250
 - 2s - loss: 7.6990e-04
Epoch 194/250
 - 2s - loss: 7.6453e-04
Epoch 195/250
 - 2s - loss: 7.7212e-04
Epoch 196/250
 - 2s - loss: 7.7875e-04
Epoch 197/250
 - 2s - loss: 7.7779e-04
Epoch 198/250
 - 2s - loss: 7.7210e-04
Epoch 199/250
 - 2s - loss: 7.7901e-04
Epoch 200/250
 - 2s - loss: 7.6512e-04
Epoch 201/250
 - 2s - loss: 7.6396e-04
Epoch 202/250
 - 2s - loss: 7.7176e-04
Epoch 203/250
 - 2s - loss: 7.8373e-04
Epoch 204/250
 - 2s - loss: 7.7851e-04
Epoch 205/250
 - 2s - loss: 7.9141e-04
Epoch 206/250
 - 2s - loss: 7.6752e-04
Epoch 207/250
 - 2s - loss: 7.7702e-04
Epoch 208/250
 - 2s - loss: 7.7001e-04
Epoch 209/250
 - 2s - loss: 7.6767e-04
Epoch 210/250
 - 2s - loss: 7.5749e-04
Epoch 211/250
 - 2s - loss: 7.7506e-04
Epoch 212/250
 - 2s - loss: 7.7102e-04
Epoch 213/250
 - 2s - loss: 7.6552e-04
Epoch 214/250
 - 2s - loss: 7.8566e-04
Epoch 215/250
 - 2s - loss: 7.9894e-04
Epoch 216/250
 - 2s - loss: 7.5988e-04
Epoch 217/250
 - 2s - loss: 7.6535e-04
Epoch 218/250
 - 2s - loss: 7.6504e-04
Epoch 219/250
 - 2s - loss: 7.5850e-04
Epoch 220/250
 - 2s - loss: 7.7513e-04
Epoch 221/250
 - 2s - loss: 7.6537e-04
Epoch 222/250
 - 2s - loss: 7.7475e-04
Epoch 223/250
 - 2s - loss: 7.7429e-04
Epoch 224/250
 - 2s - loss: 7.6840e-04
Epoch 225/250
 - 2s - loss: 7.7429e-04
Epoch 226/250
 - 2s - loss: 7.7082e-04
Epoch 227/250
 - 2s - loss: 7.6635e-04
Epoch 228/250
 - 2s - loss: 7.5640e-04
Epoch 229/250
 - 2s - loss: 7.7288e-04
Epoch 230/250
 - 2s - loss: 7.5741e-04
Epoch 231/250
 - 2s - loss: 7.6986e-04
Epoch 232/250
 - 2s - loss: 7.7076e-04
Epoch 233/250
 - 2s - loss: 7.5161e-04
Epoch 234/250
 - 2s - loss: 7.7262e-04
Epoch 235/250
 - 2s - loss: 7.6392e-04
Epoch 236/250
 - 2s - loss: 7.6438e-04
Epoch 237/250
 - 2s - loss: 7.6279e-04
Epoch 238/250
 - 2s - loss: 7.6981e-04
Epoch 239/250
 - 2s - loss: 7.7370e-04
Epoch 240/250
 - 2s - loss: 7.7389e-04
Epoch 241/250
 - 2s - loss: 7.6488e-04
Epoch 242/250
 - 2s - loss: 7.6235e-04
Epoch 243/250
 - 2s - loss: 7.5419e-04
Epoch 244/250
 - 2s - loss: 7.5239e-04
Epoch 245/250
 - 2s - loss: 7.5527e-04
Epoch 246/250
 - 2s - loss: 7.6415e-04
Epoch 247/250
 - 2s - loss: 7.4356e-04
Epoch 248/250
 - 2s - loss: 7.6693e-04
Epoch 249/250
 - 2s - loss: 7.6369e-04
Epoch 250/250
 - 2s - loss: 7.6395e-04
Train Score: 0.93 R2
Test Score: 0.84 R2
Validation Score: 0.93 R2
Case %s PageRank
Epoch 1/250
 - 2s - loss: 0.0088
Epoch 2/250
 - 2s - loss: 0.0020
Epoch 3/250
 - 2s - loss: 0.0020
Epoch 4/250
 - 2s - loss: 0.0019
Epoch 5/250
 - 2s - loss: 0.0019
Epoch 6/250
 - 2s - loss: 0.0018
Epoch 7/250
 - 2s - loss: 0.0017
Epoch 8/250
 - 2s - loss: 0.0017
Epoch 9/250
 - 2s - loss: 0.0016
Epoch 10/250
 - 2s - loss: 0.0016
Epoch 11/250
 - 2s - loss: 0.0016
Epoch 12/250
 - 2s - loss: 0.0016
Epoch 13/250
 - 2s - loss: 0.0016
Epoch 14/250
 - 2s - loss: 0.0016
Epoch 15/250
 - 2s - loss: 0.0016
Epoch 16/250
 - 2s - loss: 0.0016
Epoch 17/250
 - 2s - loss: 0.0016
Epoch 18/250
 - 2s - loss: 0.0016
Epoch 19/250
 - 2s - loss: 0.0016
Epoch 20/250
 - 2s - loss: 0.0014
Epoch 21/250
 - 2s - loss: 0.0014
Epoch 22/250
 - 2s - loss: 0.0013
Epoch 23/250
 - 2s - loss: 0.0013
Epoch 24/250
 - 2s - loss: 0.0013
Epoch 25/250
 - 2s - loss: 0.0013
Epoch 26/250
 - 2s - loss: 0.0013
Epoch 27/250
 - 2s - loss: 0.0012
Epoch 28/250
 - 2s - loss: 0.0012
Epoch 29/250
 - 2s - loss: 0.0011
Epoch 30/250
 - 2s - loss: 0.0011
Epoch 31/250
 - 2s - loss: 0.0011
Epoch 32/250
 - 2s - loss: 0.0010
Epoch 33/250
 - 2s - loss: 0.0010
Epoch 34/250
 - 2s - loss: 0.0010
Epoch 35/250
 - 2s - loss: 0.0010
Epoch 36/250
 - 2s - loss: 0.0010
Epoch 37/250
 - 2s - loss: 0.0010
Epoch 38/250
 - 2s - loss: 0.0010
Epoch 39/250
 - 2s - loss: 0.0010
Epoch 40/250
 - 2s - loss: 0.0011
Epoch 41/250
 - 2s - loss: 9.6426e-04
Epoch 42/250
 - 2s - loss: 9.8895e-04
Epoch 43/250
 - 2s - loss: 9.6433e-04
Epoch 44/250
 - 2s - loss: 9.3965e-04
Epoch 45/250
 - 2s - loss: 9.4881e-04
Epoch 46/250
 - 2s - loss: 9.6266e-04
Epoch 47/250
 - 2s - loss: 9.8160e-04
Epoch 48/250
 - 2s - loss: 9.3706e-04
Epoch 49/250
 - 2s - loss: 9.7710e-04
Epoch 50/250
 - 2s - loss: 9.5094e-04
Epoch 51/250
 - 2s - loss: 9.3154e-04
Epoch 52/250
 - 2s - loss: 9.5449e-04
Epoch 53/250
 - 2s - loss: 9.8255e-04
Epoch 54/250
 - 2s - loss: 9.5716e-04
Epoch 55/250
 - 2s - loss: 9.7053e-04
Epoch 56/250
 - 2s - loss: 9.4245e-04
Epoch 57/250
 - 2s - loss: 9.3550e-04
Epoch 58/250
 - 2s - loss: 9.2576e-04
Epoch 59/250
 - 2s - loss: 9.4498e-04
Epoch 60/250
 - 2s - loss: 0.0010
Epoch 61/250
 - 2s - loss: 9.2682e-04
Epoch 62/250
 - 2s - loss: 9.3244e-04
Epoch 63/250
 - 2s - loss: 9.4523e-04
Epoch 64/250
 - 2s - loss: 9.2479e-04
Epoch 65/250
 - 2s - loss: 9.2224e-04
Epoch 66/250
 - 2s - loss: 9.3381e-04
Epoch 67/250
 - 2s - loss: 9.3107e-04
Epoch 68/250
 - 2s - loss: 9.0839e-04
Epoch 69/250
 - 2s - loss: 9.2627e-04
Epoch 70/250
 - 2s - loss: 8.8257e-04
Epoch 71/250
 - 2s - loss: 9.4378e-04
Epoch 72/250
 - 2s - loss: 8.9122e-04
Epoch 73/250
 - 2s - loss: 9.5338e-04
Epoch 74/250
 - 2s - loss: 9.1329e-04
Epoch 75/250
 - 2s - loss: 8.9525e-04
Epoch 76/250
 - 2s - loss: 9.0258e-04
Epoch 77/250
 - 2s - loss: 9.1168e-04
Epoch 78/250
 - 2s - loss: 8.9242e-04
Epoch 79/250
 - 2s - loss: 9.1377e-04
Epoch 80/250
 - 2s - loss: 9.0839e-04
Epoch 81/250
 - 2s - loss: 9.0185e-04
Epoch 82/250
 - 2s - loss: 9.1514e-04
Epoch 83/250
 - 2s - loss: 8.9613e-04
Epoch 84/250
 - 2s - loss: 8.9787e-04
Epoch 85/250
 - 2s - loss: 9.2476e-04
Epoch 86/250
 - 2s - loss: 8.9021e-04
Epoch 87/250
 - 2s - loss: 9.0412e-04
Epoch 88/250
 - 2s - loss: 9.1977e-04
Epoch 89/250
 - 2s - loss: 8.9944e-04
Epoch 90/250
 - 2s - loss: 9.1248e-04
Epoch 91/250
 - 2s - loss: 9.0696e-04
Epoch 92/250
 - 2s - loss: 8.7574e-04
Epoch 93/250
 - 2s - loss: 9.3525e-04
Epoch 94/250
 - 2s - loss: 8.9930e-04
Epoch 95/250
 - 2s - loss: 8.8468e-04
Epoch 96/250
 - 2s - loss: 8.7839e-04
Epoch 97/250
 - 2s - loss: 9.0910e-04
Epoch 98/250
 - 2s - loss: 9.2251e-04
Epoch 99/250
 - 2s - loss: 8.8354e-04
Epoch 100/250
 - 2s - loss: 8.7731e-04
Epoch 101/250
 - 2s - loss: 9.3976e-04
Epoch 102/250
 - 2s - loss: 9.3918e-04
Epoch 103/250
 - 2s - loss: 9.1318e-04
Epoch 104/250
 - 2s - loss: 8.9538e-04
Epoch 105/250
 - 2s - loss: 8.8914e-04
Epoch 106/250
 - 2s - loss: 8.6259e-04
Epoch 107/250
 - 2s - loss: 8.7212e-04
Epoch 108/250
 - 2s - loss: 8.8015e-04
Epoch 109/250
 - 2s - loss: 9.0730e-04
Epoch 110/250
 - 2s - loss: 8.8469e-04
Epoch 111/250
 - 2s - loss: 8.9914e-04
Epoch 112/250
 - 2s - loss: 8.7395e-04
Epoch 113/250
 - 2s - loss: 9.1309e-04
Epoch 114/250
 - 2s - loss: 8.8689e-04
Epoch 115/250
 - 2s - loss: 8.9286e-04
Epoch 116/250
 - 2s - loss: 8.9994e-04
Epoch 117/250
 - 2s - loss: 8.8457e-04
Epoch 118/250
 - 2s - loss: 8.8702e-04
Epoch 119/250
 - 2s - loss: 9.0609e-04
Epoch 120/250
 - 2s - loss: 8.9466e-04
Epoch 121/250
 - 2s - loss: 9.1395e-04
Epoch 122/250
 - 2s - loss: 8.7332e-04
Epoch 123/250
 - 2s - loss: 8.5269e-04
Epoch 124/250
 - 2s - loss: 8.9303e-04
Epoch 125/250
 - 2s - loss: 8.7322e-04
Epoch 126/250
 - 2s - loss: 8.5348e-04
Epoch 127/250
 - 2s - loss: 8.7986e-04
Epoch 128/250
 - 2s - loss: 8.8726e-04
Epoch 129/250
 - 2s - loss: 8.9470e-04
Epoch 130/250
 - 2s - loss: 8.9269e-04
Epoch 131/250
 - 2s - loss: 8.9400e-04
Epoch 132/250
 - 2s - loss: 8.7452e-04
Epoch 133/250
 - 2s - loss: 8.7067e-04
Epoch 134/250
 - 2s - loss: 8.4814e-04
Epoch 135/250
 - 2s - loss: 8.7266e-04
Epoch 136/250
 - 2s - loss: 8.6566e-04
Epoch 137/250
 - 2s - loss: 8.5959e-04
Epoch 138/250
 - 2s - loss: 8.6844e-04
Epoch 139/250
 - 2s - loss: 8.5834e-04
Epoch 140/250
 - 2s - loss: 8.5103e-04
Epoch 141/250
 - 2s - loss: 8.5891e-04
Epoch 142/250
 - 2s - loss: 8.4422e-04
Epoch 143/250
 - 2s - loss: 8.5939e-04
Epoch 144/250
 - 2s - loss: 8.6313e-04
Epoch 145/250
 - 2s - loss: 8.4960e-04
Epoch 146/250
 - 2s - loss: 9.3325e-04
Epoch 147/250
 - 2s - loss: 8.7868e-04
Epoch 148/250
 - 2s - loss: 8.3823e-04
Epoch 149/250
 - 2s - loss: 8.5776e-04
Epoch 150/250
 - 2s - loss: 8.5603e-04
Epoch 151/250
 - 2s - loss: 8.9615e-04
Epoch 152/250
 - 2s - loss: 8.2147e-04
Epoch 153/250
 - 2s - loss: 8.8190e-04
Epoch 154/250
 - 2s - loss: 8.6035e-04
Epoch 155/250
 - 2s - loss: 8.7663e-04
Epoch 156/250
 - 2s - loss: 8.6014e-04
Epoch 157/250
 - 2s - loss: 8.6902e-04
Epoch 158/250
 - 2s - loss: 8.5762e-04
Epoch 159/250
 - 2s - loss: 8.7125e-04
Epoch 160/250
 - 2s - loss: 8.6277e-04
Epoch 161/250
 - 2s - loss: 8.4844e-04
Epoch 162/250
 - 2s - loss: 8.8733e-04
Epoch 163/250
 - 2s - loss: 8.5790e-04
Epoch 164/250
 - 2s - loss: 8.7958e-04
Epoch 165/250
 - 2s - loss: 8.6334e-04
Epoch 166/250
 - 2s - loss: 8.6620e-04
Epoch 167/250
 - 2s - loss: 8.5390e-04
Epoch 168/250
 - 2s - loss: 8.3697e-04
Epoch 169/250
 - 2s - loss: 8.5077e-04
Epoch 170/250
 - 2s - loss: 8.7135e-04
Epoch 171/250
 - 2s - loss: 8.3987e-04
Epoch 172/250
 - 2s - loss: 8.4862e-04
Epoch 173/250
 - 2s - loss: 8.3710e-04
Epoch 174/250
 - 2s - loss: 8.5295e-04
Epoch 175/250
 - 2s - loss: 8.0584e-04
Epoch 176/250
 - 2s - loss: 8.8805e-04
Epoch 177/250
 - 2s - loss: 8.5807e-04
Epoch 178/250
 - 2s - loss: 8.0393e-04
Epoch 179/250
 - 2s - loss: 8.6558e-04
Epoch 180/250
 - 2s - loss: 8.7181e-04
Epoch 181/250
 - 2s - loss: 8.4253e-04
Epoch 182/250
 - 2s - loss: 8.4408e-04
Epoch 183/250
 - 2s - loss: 8.4304e-04
Epoch 184/250
 - 2s - loss: 8.3732e-04
Epoch 185/250
 - 2s - loss: 8.4837e-04
Epoch 186/250
 - 2s - loss: 8.5703e-04
Epoch 187/250
 - 2s - loss: 8.4477e-04
Epoch 188/250
 - 2s - loss: 8.2076e-04
Epoch 189/250
 - 2s - loss: 8.2342e-04
Epoch 190/250
 - 2s - loss: 8.4136e-04
Epoch 191/250
 - 2s - loss: 8.0607e-04
Epoch 192/250
 - 2s - loss: 8.2152e-04
Epoch 193/250
 - 2s - loss: 8.4844e-04
Epoch 194/250
 - 2s - loss: 8.3327e-04
Epoch 195/250
 - 2s - loss: 8.7617e-04
Epoch 196/250
 - 2s - loss: 8.2005e-04
Epoch 197/250
 - 2s - loss: 8.3119e-04
Epoch 198/250
 - 2s - loss: 8.6951e-04
Epoch 199/250
 - 2s - loss: 8.1164e-04
Epoch 200/250
 - 2s - loss: 8.2588e-04
Epoch 201/250
 - 2s - loss: 8.2098e-04
Epoch 202/250
 - 2s - loss: 8.4014e-04
Epoch 203/250
 - 2s - loss: 8.2040e-04
Epoch 204/250
 - 2s - loss: 8.1721e-04
Epoch 205/250
 - 2s - loss: 8.4117e-04
Epoch 206/250
 - 2s - loss: 8.4201e-04
Epoch 207/250
 - 2s - loss: 8.2308e-04
Epoch 208/250
 - 2s - loss: 8.2952e-04
Epoch 209/250
 - 2s - loss: 8.0266e-04
Epoch 210/250
 - 2s - loss: 8.1597e-04
Epoch 211/250
 - 2s - loss: 8.2003e-04
Epoch 212/250
 - 2s - loss: 8.2599e-04
Epoch 213/250
 - 2s - loss: 8.0486e-04
Epoch 214/250
 - 2s - loss: 8.3295e-04
Epoch 215/250
 - 2s - loss: 8.4520e-04
Epoch 216/250
 - 2s - loss: 8.1847e-04
Epoch 217/250
 - 2s - loss: 8.0119e-04
Epoch 218/250
 - 2s - loss: 8.0613e-04
Epoch 219/250
 - 2s - loss: 7.9632e-04
Epoch 220/250
 - 2s - loss: 8.3471e-04
Epoch 221/250
 - 2s - loss: 8.0680e-04
Epoch 222/250
 - 2s - loss: 7.8826e-04
Epoch 223/250
 - 2s - loss: 8.0841e-04
Epoch 224/250
 - 2s - loss: 8.0352e-04
Epoch 225/250
 - 2s - loss: 8.8377e-04
Epoch 226/250
 - 2s - loss: 8.1675e-04
Epoch 227/250
 - 2s - loss: 8.1966e-04
Epoch 228/250
 - 2s - loss: 8.4070e-04
Epoch 229/250
 - 2s - loss: 8.0980e-04
Epoch 230/250
 - 2s - loss: 7.9601e-04
Epoch 231/250
 - 2s - loss: 8.0972e-04
Epoch 232/250
 - 2s - loss: 8.2582e-04
Epoch 233/250
 - 2s - loss: 8.1422e-04
Epoch 234/250
 - 2s - loss: 8.8516e-04
Epoch 235/250
 - 2s - loss: 8.3314e-04
Epoch 236/250
 - 2s - loss: 8.3091e-04
Epoch 237/250
 - 2s - loss: 8.0142e-04
Epoch 238/250
 - 2s - loss: 8.0906e-04
Epoch 239/250
 - 2s - loss: 7.9805e-04
Epoch 240/250
 - 2s - loss: 8.0871e-04
Epoch 241/250
 - 2s - loss: 7.9858e-04
Epoch 242/250
 - 2s - loss: 8.0142e-04
Epoch 243/250
 - 2s - loss: 8.2432e-04
Epoch 244/250
 - 2s - loss: 7.9282e-04
Epoch 245/250
 - 2s - loss: 8.1630e-04
Epoch 246/250
 - 2s - loss: 8.1966e-04
Epoch 247/250
 - 2s - loss: 7.9530e-04
Epoch 248/250
 - 2s - loss: 8.2694e-04
Epoch 249/250
 - 2s - loss: 8.1302e-04
Epoch 250/250
 - 2s - loss: 8.0826e-04
Train Score: 0.88 R2
Test Score: 0.88 R2
Validation Score: 0.88 R2
Case %s SGD
Epoch 1/250
 - 18s - loss: 0.0020
Epoch 2/250
 - 18s - loss: 6.0869e-04
Epoch 3/250
 - 18s - loss: 5.7973e-04
Epoch 4/250
 - 18s - loss: 5.7054e-04
Epoch 5/250
 - 18s - loss: 5.6554e-04
Epoch 6/250
 - 18s - loss: 5.6160e-04
Epoch 7/250
 - 18s - loss: 5.5825e-04
Epoch 8/250
 - 18s - loss: 5.5571e-04
Epoch 9/250
 - 18s - loss: 5.5988e-04
Epoch 10/250
 - 18s - loss: 5.5652e-04
Epoch 11/250
 - 18s - loss: 5.5438e-04
Epoch 12/250
 - 18s - loss: 5.4976e-04
Epoch 13/250
 - 18s - loss: 5.4413e-04
Epoch 14/250
 - 18s - loss: 5.3358e-04
Epoch 15/250
 - 18s - loss: 5.2937e-04
Epoch 16/250
 - 18s - loss: 5.2544e-04
Epoch 17/250
 - 18s - loss: 5.2281e-04
Epoch 18/250
 - 18s - loss: 5.2162e-04
Epoch 19/250
 - 18s - loss: 5.2082e-04
Epoch 20/250
 - 18s - loss: 5.1913e-04
Epoch 21/250
 - 18s - loss: 5.1746e-04
Epoch 22/250
 - 18s - loss: 5.1774e-04
Epoch 23/250
 - 18s - loss: 5.1611e-04
Epoch 24/250
 - 18s - loss: 5.1450e-04
Epoch 25/250
 - 18s - loss: 5.1436e-04
Epoch 26/250
 - 18s - loss: 5.1389e-04
Epoch 27/250
 - 18s - loss: 5.1303e-04
Epoch 28/250
 - 18s - loss: 5.1225e-04
Epoch 29/250
 - 18s - loss: 5.1201e-04
Epoch 30/250
 - 18s - loss: 5.1120e-04
Epoch 31/250
 - 18s - loss: 5.1119e-04
Epoch 32/250
 - 18s - loss: 5.1048e-04
Epoch 33/250
 - 18s - loss: 5.1003e-04
Epoch 34/250
 - 18s - loss: 5.0886e-04
Epoch 35/250
 - 18s - loss: 5.0841e-04
Epoch 36/250
 - 18s - loss: 5.0730e-04
Epoch 37/250
 - 18s - loss: 5.0765e-04
Epoch 38/250
 - 18s - loss: 5.0697e-04
Epoch 39/250
 - 18s - loss: 5.0636e-04
Epoch 40/250
 - 18s - loss: 5.0660e-04
Epoch 41/250
 - 18s - loss: 5.0542e-04
Epoch 42/250
 - 18s - loss: 5.0547e-04
Epoch 43/250
 - 18s - loss: 5.0523e-04
Epoch 44/250
 - 18s - loss: 5.0484e-04
Epoch 45/250
 - 18s - loss: 5.0440e-04
Epoch 46/250
 - 18s - loss: 5.0458e-04
Epoch 47/250
 - 18s - loss: 5.0371e-04
Epoch 48/250
 - 18s - loss: 5.0386e-04
Epoch 49/250
 - 18s - loss: 5.0388e-04
Epoch 50/250
 - 18s - loss: 5.0331e-04
Epoch 51/250
 - 18s - loss: 5.0341e-04
Epoch 52/250
 - 18s - loss: 5.0345e-04
Epoch 53/250
 - 18s - loss: 5.0293e-04
Epoch 54/250
 - 18s - loss: 5.0215e-04
Epoch 55/250
 - 18s - loss: 5.0245e-04
Epoch 56/250
 - 18s - loss: 5.0181e-04
Epoch 57/250
 - 18s - loss: 5.0219e-04
Epoch 58/250
 - 18s - loss: 5.0234e-04
Epoch 59/250
 - 18s - loss: 5.0241e-04
Epoch 60/250
 - 18s - loss: 5.0161e-04
Epoch 61/250
 - 18s - loss: 5.0153e-04
Epoch 62/250
 - 18s - loss: 5.0164e-04
Epoch 63/250
 - 18s - loss: 5.0139e-04
Epoch 64/250
 - 18s - loss: 5.0080e-04
Epoch 65/250
 - 18s - loss: 5.0079e-04
Epoch 66/250
 - 18s - loss: 5.0087e-04
Epoch 67/250
 - 18s - loss: 5.0042e-04
Epoch 68/250
 - 18s - loss: 5.0076e-04
Epoch 69/250
 - 18s - loss: 5.0041e-04
Epoch 70/250
 - 18s - loss: 5.0033e-04
Epoch 71/250
 - 18s - loss: 4.9946e-04
Epoch 72/250
 - 18s - loss: 4.9949e-04
Epoch 73/250
 - 18s - loss: 5.0006e-04
Epoch 74/250
 - 18s - loss: 4.9973e-04
Epoch 75/250
 - 18s - loss: 4.9961e-04
Epoch 76/250
 - 18s - loss: 4.9886e-04
Epoch 77/250
 - 18s - loss: 4.9921e-04
Epoch 78/250
 - 18s - loss: 4.9884e-04
Epoch 79/250
 - 18s - loss: 4.9890e-04
Epoch 80/250
 - 18s - loss: 4.9886e-04
Epoch 81/250
 - 18s - loss: 4.9822e-04
Epoch 82/250
 - 18s - loss: 4.9836e-04
Epoch 83/250
 - 18s - loss: 4.9803e-04
Epoch 84/250
 - 18s - loss: 4.9828e-04
Epoch 85/250
 - 18s - loss: 4.9789e-04
Epoch 86/250
 - 18s - loss: 4.9774e-04
Epoch 87/250
 - 18s - loss: 4.9840e-04
Epoch 88/250
 - 18s - loss: 4.9793e-04
Epoch 89/250
 - 18s - loss: 4.9796e-04
Epoch 90/250
 - 18s - loss: 4.9762e-04
Epoch 91/250
 - 18s - loss: 4.9721e-04
Epoch 92/250
 - 18s - loss: 4.9798e-04
Epoch 93/250
 - 18s - loss: 4.9693e-04
Epoch 94/250
 - 18s - loss: 4.9760e-04
Epoch 95/250
 - 18s - loss: 4.9726e-04
Epoch 96/250
 - 18s - loss: 4.9705e-04
Epoch 97/250
 - 18s - loss: 4.9689e-04
Epoch 98/250
 - 18s - loss: 4.9694e-04
Epoch 99/250
 - 18s - loss: 4.9678e-04
Epoch 100/250
 - 18s - loss: 4.9688e-04
Epoch 101/250
 - 18s - loss: 4.9677e-04
Epoch 102/250
 - 18s - loss: 4.9656e-04
Epoch 103/250
 - 18s - loss: 4.9666e-04
Epoch 104/250
 - 18s - loss: 4.9637e-04
Epoch 105/250
 - 18s - loss: 4.9623e-04
Epoch 106/250
 - 18s - loss: 4.9532e-04
Epoch 107/250
 - 18s - loss: 4.9587e-04
Epoch 108/250
 - 18s - loss: 4.9523e-04
Epoch 109/250
 - 18s - loss: 4.9571e-04
Epoch 110/250
 - 18s - loss: 4.9532e-04
Epoch 111/250
 - 18s - loss: 4.9508e-04
Epoch 112/250
 - 18s - loss: 4.9575e-04
Epoch 113/250
 - 18s - loss: 4.9537e-04
Epoch 114/250
 - 18s - loss: 4.9486e-04
Epoch 115/250
 - 18s - loss: 4.9513e-04
Epoch 116/250
 - 18s - loss: 4.9554e-04
Epoch 117/250
 - 18s - loss: 4.9498e-04
Epoch 118/250
 - 18s - loss: 4.9494e-04
Epoch 119/250
 - 18s - loss: 4.9491e-04
Epoch 120/250
 - 18s - loss: 4.9512e-04
Epoch 121/250
 - 18s - loss: 4.9463e-04
Epoch 122/250
 - 18s - loss: 4.9420e-04
Epoch 123/250
 - 18s - loss: 4.9480e-04
Epoch 124/250
 - 18s - loss: 4.9499e-04
Epoch 125/250
 - 18s - loss: 4.9515e-04
Epoch 126/250
 - 18s - loss: 4.9432e-04
Epoch 127/250
 - 18s - loss: 4.9443e-04
Epoch 128/250
 - 18s - loss: 4.9395e-04
Epoch 129/250
 - 18s - loss: 4.9452e-04
Epoch 130/250
 - 18s - loss: 4.9485e-04
Epoch 131/250
 - 18s - loss: 4.9455e-04
Epoch 132/250
 - 18s - loss: 4.9413e-04
Epoch 133/250
 - 18s - loss: 4.9420e-04
Epoch 134/250
 - 18s - loss: 4.9419e-04
Epoch 135/250
 - 18s - loss: 4.9418e-04
Epoch 136/250
 - 18s - loss: 4.9451e-04
Epoch 137/250
 - 18s - loss: 4.9332e-04
Epoch 138/250
 - 18s - loss: 4.9431e-04
Epoch 139/250
 - 18s - loss: 4.9419e-04
Epoch 140/250
 - 18s - loss: 4.9378e-04
Epoch 141/250
 - 18s - loss: 4.9402e-04
Epoch 142/250
 - 18s - loss: 4.9424e-04
Epoch 143/250
 - 18s - loss: 4.9452e-04
Epoch 144/250
 - 18s - loss: 4.9394e-04
Epoch 145/250
 - 18s - loss: 4.9409e-04
Epoch 146/250
 - 18s - loss: 4.9384e-04
Epoch 147/250
 - 18s - loss: 4.9479e-04
Epoch 148/250
 - 18s - loss: 4.9482e-04
Epoch 149/250
 - 18s - loss: 4.9405e-04
Epoch 150/250
 - 18s - loss: 4.9390e-04
Epoch 151/250
 - 18s - loss: 4.9393e-04
Epoch 152/250
 - 18s - loss: 4.9370e-04
Epoch 153/250
 - 18s - loss: 4.9373e-04
Epoch 154/250
 - 18s - loss: 4.9360e-04
Epoch 155/250
 - 18s - loss: 4.9382e-04
Epoch 156/250
 - 18s - loss: 4.9386e-04
Epoch 157/250
 - 18s - loss: 4.9412e-04
Epoch 158/250
 - 18s - loss: 4.9400e-04
Epoch 159/250
 - 18s - loss: 4.9348e-04
Epoch 160/250
 - 18s - loss: 4.9340e-04
Epoch 161/250
 - 18s - loss: 4.9413e-04
Epoch 162/250
 - 18s - loss: 4.9398e-04
Epoch 163/250
 - 18s - loss: 4.9377e-04
Epoch 164/250
 - 18s - loss: 4.9409e-04
Epoch 165/250
 - 18s - loss: 4.9357e-04
Epoch 166/250
 - 18s - loss: 4.9322e-04
Epoch 167/250
 - 18s - loss: 4.9323e-04
Epoch 168/250
 - 18s - loss: 4.9330e-04
Epoch 169/250
 - 18s - loss: 4.9297e-04
Epoch 170/250
 - 18s - loss: 4.9366e-04
Epoch 171/250
 - 18s - loss: 4.9339e-04
Epoch 172/250
 - 18s - loss: 4.9324e-04
Epoch 173/250
 - 18s - loss: 4.9321e-04
Epoch 174/250
 - 18s - loss: 4.9318e-04
Epoch 175/250
 - 18s - loss: 4.9359e-04
Epoch 176/250
 - 18s - loss: 4.9329e-04
Epoch 177/250
 - 18s - loss: 4.9325e-04
Epoch 178/250
 - 18s - loss: 4.9268e-04
Epoch 179/250
 - 18s - loss: 4.9328e-04
Epoch 180/250
 - 18s - loss: 4.9317e-04
Epoch 181/250
 - 18s - loss: 4.9316e-04
Epoch 182/250
 - 18s - loss: 4.9330e-04
Epoch 183/250
 - 18s - loss: 4.9309e-04
Epoch 184/250
 - 18s - loss: 4.9329e-04
Epoch 185/250
 - 18s - loss: 4.9334e-04
Epoch 186/250
 - 18s - loss: 4.9341e-04
Epoch 187/250
 - 18s - loss: 4.9353e-04
Epoch 188/250
 - 18s - loss: 4.9313e-04
Epoch 189/250
 - 18s - loss: 4.9323e-04
Epoch 190/250
 - 18s - loss: 4.9303e-04
Epoch 191/250
 - 18s - loss: 4.9257e-04
Epoch 192/250
 - 18s - loss: 4.9253e-04
Epoch 193/250
 - 18s - loss: 4.9310e-04
Epoch 194/250
 - 18s - loss: 4.9275e-04
Epoch 195/250
 - 18s - loss: 4.9294e-04
Epoch 196/250
 - 18s - loss: 4.9287e-04
Epoch 197/250
 - 18s - loss: 4.9271e-04
Epoch 198/250
 - 18s - loss: 4.9219e-04
Epoch 199/250
 - 18s - loss: 4.9226e-04
Epoch 200/250
 - 18s - loss: 4.9288e-04
Epoch 201/250
 - 18s - loss: 4.9314e-04
Epoch 202/250
 - 18s - loss: 4.9268e-04
Epoch 203/250
 - 18s - loss: 4.9255e-04
Epoch 204/250
 - 18s - loss: 4.9252e-04
Epoch 205/250
 - 18s - loss: 4.9257e-04
Epoch 206/250
 - 18s - loss: 4.9260e-04
Epoch 207/250
 - 18s - loss: 4.9230e-04
Epoch 208/250
 - 18s - loss: 4.9265e-04
Epoch 209/250
 - 18s - loss: 4.9252e-04
Epoch 210/250
 - 18s - loss: 4.9246e-04
Epoch 211/250
 - 18s - loss: 4.9276e-04
Epoch 212/250
 - 18s - loss: 4.9235e-04
Epoch 213/250
 - 18s - loss: 4.9272e-04
Epoch 214/250
 - 18s - loss: 4.9245e-04
Epoch 215/250
 - 18s - loss: 4.9218e-04
Epoch 216/250
 - 18s - loss: 4.9176e-04
Epoch 217/250
 - 18s - loss: 4.9210e-04
Epoch 218/250
 - 18s - loss: 4.9242e-04
Epoch 219/250
 - 18s - loss: 4.9214e-04
Epoch 220/250
 - 18s - loss: 4.9199e-04
Epoch 221/250
 - 18s - loss: 4.9232e-04
Epoch 222/250
 - 18s - loss: 4.9210e-04
Epoch 223/250
 - 18s - loss: 4.9212e-04
Epoch 224/250
 - 18s - loss: 4.9203e-04
Epoch 225/250
 - 18s - loss: 4.9169e-04
Epoch 226/250
 - 18s - loss: 4.9227e-04
Epoch 227/250
 - 18s - loss: 4.9171e-04
Epoch 228/250
 - 18s - loss: 4.9216e-04
Epoch 229/250
 - 18s - loss: 4.9211e-04
Epoch 230/250
 - 18s - loss: 4.9220e-04
Epoch 231/250
 - 18s - loss: 4.9211e-04
Epoch 232/250
 - 18s - loss: 4.9251e-04
Epoch 233/250
 - 18s - loss: 4.9204e-04
Epoch 234/250
 - 18s - loss: 4.9227e-04
Epoch 235/250
 - 18s - loss: 4.9227e-04
Epoch 236/250
 - 18s - loss: 4.9167e-04
Epoch 237/250
 - 18s - loss: 4.9212e-04
Epoch 238/250
 - 18s - loss: 4.9156e-04
Epoch 239/250
 - 18s - loss: 4.9175e-04
Epoch 240/250
 - 18s - loss: 4.9238e-04
Epoch 241/250
 - 18s - loss: 4.9180e-04
Epoch 242/250
 - 18s - loss: 4.9208e-04
Epoch 243/250
 - 18s - loss: 4.9221e-04
Epoch 244/250
 - 18s - loss: 4.9200e-04
Epoch 245/250
 - 18s - loss: 4.9166e-04
Epoch 246/250
 - 18s - loss: 4.9190e-04
Epoch 247/250
 - 18s - loss: 4.9231e-04
Epoch 248/250
 - 18s - loss: 4.9156e-04
Epoch 249/250
 - 18s - loss: 4.9165e-04
Epoch 250/250
 - 18s - loss: 4.9226e-04
Train Score: 0.46 R2
Test Score: 0.54 R2
Validation Score: 0.72 R2
Case %s web_server
Epoch 1/250
 - 0s - loss: 0.3590
Epoch 2/250
 - 0s - loss: 0.2059
Epoch 3/250
 - 0s - loss: 0.0952
Epoch 4/250
 - 0s - loss: 0.0773
Epoch 5/250
 - 0s - loss: 0.0723
Epoch 6/250
 - 0s - loss: 0.0699
Epoch 7/250
 - 0s - loss: 0.0682
Epoch 8/250
 - 0s - loss: 0.0666
Epoch 9/250
 - 0s - loss: 0.0651
Epoch 10/250
 - 0s - loss: 0.0635
Epoch 11/250
 - 0s - loss: 0.0614
Epoch 12/250
 - 0s - loss: 0.0592
Epoch 13/250
 - 0s - loss: 0.0567
Epoch 14/250
 - 0s - loss: 0.0541
Epoch 15/250
 - 0s - loss: 0.0512
Epoch 16/250
 - 0s - loss: 0.0482
Epoch 17/250
 - 0s - loss: 0.0455
Epoch 18/250
 - 0s - loss: 0.0427
Epoch 19/250
 - 0s - loss: 0.0397
Epoch 20/250
 - 0s - loss: 0.0370
Epoch 21/250
 - 0s - loss: 0.0349
Epoch 22/250
 - 0s - loss: 0.0325
Epoch 23/250
 - 0s - loss: 0.0305
Epoch 24/250
 - 0s - loss: 0.0284
Epoch 25/250
 - 0s - loss: 0.0265
Epoch 26/250
 - 0s - loss: 0.0248
Epoch 27/250
 - 0s - loss: 0.0225
Epoch 28/250
 - 0s - loss: 0.0202
Epoch 29/250
 - 0s - loss: 0.0180
Epoch 30/250
 - 0s - loss: 0.0161
Epoch 31/250
 - 0s - loss: 0.0150
Epoch 32/250
 - 0s - loss: 0.0140
Epoch 33/250
 - 0s - loss: 0.0141
Epoch 34/250
 - 0s - loss: 0.0134
Epoch 35/250
 - 0s - loss: 0.0129
Epoch 36/250
 - 0s - loss: 0.0129
Epoch 37/250
 - 0s - loss: 0.0127
Epoch 38/250
 - 0s - loss: 0.0129
Epoch 39/250
 - 0s - loss: 0.0126
Epoch 40/250
 - 0s - loss: 0.0123
Epoch 41/250
 - 0s - loss: 0.0125
Epoch 42/250
 - 0s - loss: 0.0127
Epoch 43/250
 - 0s - loss: 0.0126
Epoch 44/250
 - 0s - loss: 0.0123
Epoch 45/250
 - 0s - loss: 0.0126
Epoch 46/250
 - 0s - loss: 0.0123
Epoch 47/250
 - 0s - loss: 0.0122
Epoch 48/250
 - 0s - loss: 0.0119
Epoch 49/250
 - 0s - loss: 0.0121
Epoch 50/250
 - 0s - loss: 0.0123
Epoch 51/250
 - 0s - loss: 0.0123
Epoch 52/250
 - 0s - loss: 0.0123
Epoch 53/250
 - 0s - loss: 0.0119
Epoch 54/250
 - 0s - loss: 0.0120
Epoch 55/250
 - 0s - loss: 0.0118
Epoch 56/250
 - 0s - loss: 0.0118
Epoch 57/250
 - 0s - loss: 0.0118
Epoch 58/250
 - 0s - loss: 0.0118
Epoch 59/250
 - 0s - loss: 0.0117
Epoch 60/250
 - 0s - loss: 0.0117
Epoch 61/250
 - 0s - loss: 0.0117
Epoch 62/250
 - 0s - loss: 0.0117
Epoch 63/250
 - 0s - loss: 0.0117
Epoch 64/250
 - 0s - loss: 0.0117
Epoch 65/250
 - 0s - loss: 0.0121
Epoch 66/250
 - 0s - loss: 0.0116
Epoch 67/250
 - 0s - loss: 0.0116
Epoch 68/250
 - 0s - loss: 0.0115
Epoch 69/250
 - 0s - loss: 0.0116
Epoch 70/250
 - 0s - loss: 0.0117
Epoch 71/250
 - 0s - loss: 0.0114
Epoch 72/250
 - 0s - loss: 0.0117
Epoch 73/250
 - 0s - loss: 0.0115
Epoch 74/250
 - 0s - loss: 0.0115
Epoch 75/250
 - 0s - loss: 0.0115
Epoch 76/250
 - 0s - loss: 0.0117
Epoch 77/250
 - 0s - loss: 0.0112
Epoch 78/250
 - 0s - loss: 0.0112
Epoch 79/250
 - 0s - loss: 0.0114
Epoch 80/250
 - 0s - loss: 0.0113
Epoch 81/250
 - 0s - loss: 0.0113
Epoch 82/250
 - 0s - loss: 0.0112
Epoch 83/250
 - 0s - loss: 0.0112
Epoch 84/250
 - 0s - loss: 0.0113
Epoch 85/250
 - 0s - loss: 0.0112
Epoch 86/250
 - 0s - loss: 0.0109
Epoch 87/250
 - 0s - loss: 0.0111
Epoch 88/250
 - 0s - loss: 0.0112
Epoch 89/250
 - 0s - loss: 0.0111
Epoch 90/250
 - 0s - loss: 0.0111
Epoch 91/250
 - 0s - loss: 0.0110
Epoch 92/250
 - 0s - loss: 0.0110
Epoch 93/250
 - 0s - loss: 0.0111
Epoch 94/250
 - 0s - loss: 0.0108
Epoch 95/250
 - 0s - loss: 0.0112
Epoch 96/250
 - 0s - loss: 0.0110
Epoch 97/250
 - 0s - loss: 0.0108
Epoch 98/250
 - 0s - loss: 0.0110
Epoch 99/250
 - 0s - loss: 0.0111
Epoch 100/250
 - 0s - loss: 0.0106
Epoch 101/250
 - 0s - loss: 0.0107
Epoch 102/250
 - 0s - loss: 0.0107
Epoch 103/250
 - 0s - loss: 0.0107
Epoch 104/250
 - 0s - loss: 0.0106
Epoch 105/250
 - 0s - loss: 0.0105
Epoch 106/250
 - 0s - loss: 0.0107
Epoch 107/250
 - 0s - loss: 0.0107
Epoch 108/250
 - 0s - loss: 0.0108
Epoch 109/250
 - 0s - loss: 0.0109
Epoch 110/250
 - 0s - loss: 0.0104
Epoch 111/250
 - 0s - loss: 0.0104
Epoch 112/250
 - 0s - loss: 0.0103
Epoch 113/250
 - 0s - loss: 0.0105
Epoch 114/250
 - 0s - loss: 0.0103
Epoch 115/250
 - 0s - loss: 0.0102
Epoch 116/250
 - 0s - loss: 0.0103
Epoch 117/250
 - 0s - loss: 0.0103
Epoch 118/250
 - 0s - loss: 0.0101
Epoch 119/250
 - 0s - loss: 0.0104
Epoch 120/250
 - 0s - loss: 0.0105
Epoch 121/250
 - 0s - loss: 0.0100
Epoch 122/250
 - 0s - loss: 0.0099
Epoch 123/250
 - 0s - loss: 0.0100
Epoch 124/250
 - 0s - loss: 0.0099
Epoch 125/250
 - 0s - loss: 0.0099
Epoch 126/250
 - 0s - loss: 0.0099
Epoch 127/250
 - 0s - loss: 0.0098
Epoch 128/250
 - 0s - loss: 0.0097
Epoch 129/250
 - 0s - loss: 0.0099
Epoch 130/250
 - 0s - loss: 0.0097
Epoch 131/250
 - 0s - loss: 0.0100
Epoch 132/250
 - 0s - loss: 0.0095
Epoch 133/250
 - 0s - loss: 0.0097
Epoch 134/250
 - 0s - loss: 0.0098
Epoch 135/250
 - 0s - loss: 0.0093
Epoch 136/250
 - 0s - loss: 0.0094
Epoch 137/250
 - 0s - loss: 0.0095
Epoch 138/250
 - 0s - loss: 0.0094
Epoch 139/250
 - 0s - loss: 0.0091
Epoch 140/250
 - 0s - loss: 0.0090
Epoch 141/250
 - 0s - loss: 0.0090
Epoch 142/250
 - 0s - loss: 0.0090
Epoch 143/250
 - 0s - loss: 0.0089
Epoch 144/250
 - 0s - loss: 0.0090
Epoch 145/250
 - 0s - loss: 0.0091
Epoch 146/250
 - 0s - loss: 0.0089
Epoch 147/250
 - 0s - loss: 0.0090
Epoch 148/250
 - 0s - loss: 0.0088
Epoch 149/250
 - 0s - loss: 0.0088
Epoch 150/250
 - 0s - loss: 0.0086
Epoch 151/250
 - 0s - loss: 0.0087
Epoch 152/250
 - 0s - loss: 0.0086
Epoch 153/250
 - 0s - loss: 0.0087
Epoch 154/250
 - 0s - loss: 0.0086
Epoch 155/250
 - 0s - loss: 0.0087
Epoch 156/250
 - 0s - loss: 0.0084
Epoch 157/250
 - 0s - loss: 0.0087
Epoch 158/250
 - 0s - loss: 0.0085
Epoch 159/250
 - 0s - loss: 0.0084
Epoch 160/250
 - 0s - loss: 0.0088
Epoch 161/250
 - 0s - loss: 0.0085
Epoch 162/250
 - 0s - loss: 0.0084
Epoch 163/250
 - 0s - loss: 0.0085
Epoch 164/250
 - 0s - loss: 0.0083
Epoch 165/250
 - 0s - loss: 0.0085
Epoch 166/250
 - 0s - loss: 0.0083
Epoch 167/250
 - 0s - loss: 0.0085
Epoch 168/250
 - 0s - loss: 0.0083
Epoch 169/250
 - 0s - loss: 0.0080
Epoch 170/250
 - 0s - loss: 0.0079
Epoch 171/250
 - 0s - loss: 0.0079
Epoch 172/250
 - 0s - loss: 0.0079
Epoch 173/250
 - 0s - loss: 0.0079
Epoch 174/250
 - 0s - loss: 0.0079
Epoch 175/250
 - 0s - loss: 0.0082
Epoch 176/250
 - 0s - loss: 0.0080
Epoch 177/250
 - 0s - loss: 0.0080
Epoch 178/250
 - 0s - loss: 0.0084
Epoch 179/250
 - 0s - loss: 0.0079
Epoch 180/250
 - 0s - loss: 0.0078
Epoch 181/250
 - 0s - loss: 0.0081
Epoch 182/250
 - 0s - loss: 0.0078
Epoch 183/250
 - 0s - loss: 0.0079
Epoch 184/250
 - 0s - loss: 0.0079
Epoch 185/250
 - 0s - loss: 0.0079
Epoch 186/250
 - 0s - loss: 0.0077
Epoch 187/250
 - 0s - loss: 0.0078
Epoch 188/250
 - 0s - loss: 0.0076
Epoch 189/250
 - 0s - loss: 0.0077
Epoch 190/250
 - 0s - loss: 0.0076
Epoch 191/250
 - 0s - loss: 0.0078
Epoch 192/250
 - 0s - loss: 0.0075
Epoch 193/250
 - 0s - loss: 0.0078
Epoch 194/250
 - 0s - loss: 0.0077
Epoch 195/250
 - 0s - loss: 0.0078
Epoch 196/250
 - 0s - loss: 0.0077
Epoch 197/250
 - 0s - loss: 0.0074
Epoch 198/250
 - 0s - loss: 0.0076
Epoch 199/250
 - 0s - loss: 0.0076
Epoch 200/250
 - 0s - loss: 0.0079
Epoch 201/250
 - 0s - loss: 0.0078
Epoch 202/250
 - 0s - loss: 0.0077
Epoch 203/250
 - 0s - loss: 0.0073
Epoch 204/250
 - 0s - loss: 0.0073
Epoch 205/250
 - 0s - loss: 0.0075
Epoch 206/250
 - 0s - loss: 0.0073
Epoch 207/250
 - 0s - loss: 0.0073
Epoch 208/250
 - 0s - loss: 0.0072
Epoch 209/250
 - 0s - loss: 0.0073
Epoch 210/250
 - 0s - loss: 0.0072
Epoch 211/250
 - 0s - loss: 0.0074
Epoch 212/250
 - 0s - loss: 0.0073
Epoch 213/250
 - 0s - loss: 0.0073
Epoch 214/250
 - 0s - loss: 0.0072
Epoch 215/250
 - 0s - loss: 0.0073
Epoch 216/250
 - 0s - loss: 0.0074
Epoch 217/250
 - 0s - loss: 0.0072
Epoch 218/250
 - 0s - loss: 0.0072
Epoch 219/250
 - 0s - loss: 0.0077
Epoch 220/250
 - 0s - loss: 0.0073
Epoch 221/250
 - 0s - loss: 0.0075
Epoch 222/250
 - 0s - loss: 0.0073
Epoch 223/250
 - 0s - loss: 0.0072
Epoch 224/250
 - 0s - loss: 0.0070
Epoch 225/250
 - 0s - loss: 0.0070
Epoch 226/250
 - 0s - loss: 0.0070
Epoch 227/250
 - 0s - loss: 0.0073
Epoch 228/250
 - 0s - loss: 0.0073
Epoch 229/250
 - 0s - loss: 0.0070
Epoch 230/250
 - 0s - loss: 0.0071
Epoch 231/250
 - 0s - loss: 0.0071
Epoch 232/250
 - 0s - loss: 0.0070
Epoch 233/250
 - 0s - loss: 0.0069
Epoch 234/250
 - 0s - loss: 0.0071
Epoch 235/250
 - 0s - loss: 0.0073
Epoch 236/250
 - 0s - loss: 0.0070
Epoch 237/250
 - 0s - loss: 0.0068
Epoch 238/250
 - 0s - loss: 0.0069
Epoch 239/250
 - 0s - loss: 0.0068
Epoch 240/250
 - 0s - loss: 0.0070
Epoch 241/250
 - 0s - loss: 0.0070
Epoch 242/250
 - 0s - loss: 0.0070
Epoch 243/250
 - 0s - loss: 0.0068
Epoch 244/250
 - 0s - loss: 0.0068
Epoch 245/250
 - 0s - loss: 0.0069
Epoch 246/250
 - 0s - loss: 0.0070
Epoch 247/250
 - 0s - loss: 0.0070
Epoch 248/250
 - 0s - loss: 0.0069
Epoch 249/250
 - 0s - loss: 0.0070
Epoch 250/250
 - 0s - loss: 0.0070
Train Score: 0.94 R2
Test Score: 0.82 R2
Validation Score: 0.84 R2
