Starting running experiment:

('Case %s', 'KMeans')
64169
Training started
TRAINING
MSE: 0.000000
MAE: 0.000041
R2: 0.999943

TEST
MSE: 0.000164
MAE: 0.001098
R2: 0.884249

VALIDATION
MSE: 0.000141
MAE: 0.000987
R2: 0.907973
('Case %s', 'PageRank')
54646
Training started
TRAINING
MSE: 0.000001
MAE: 0.000375
R2: 0.998393

TEST
MSE: 0.000122
MAE: 0.001241
R2: 0.855229

VALIDATION
MSE: 0.000104
MAE: 0.001180
R2: 0.830669
('Case %s', 'SGD')
515473
Training started
TRAINING
MSE: 0.000002
MAE: 0.000359
R2: 0.953822

TEST
MSE: 0.000017
MAE: 0.000580
R2: 0.581917

VALIDATION
MSE: 0.000007
MAE: 0.000586
R2: 0.792456
('Case %s', 'web_server')
657
Training started
TRAINING
MSE: 0.000001
MAE: 0.000476
R2: 0.999952

TEST
MSE: 0.001696
MAE: 0.008412
R2: 0.861660

VALIDATION
MSE: 0.001835
MAE: 0.009722
R2: 0.879108
